<?xml version="1.0" encoding="UTF-8"?>
<!-- Generated by org.testng.reporters.JUnitReportReporter -->
<testsuite skipped="0" hostname="Sivatejasegu" name="com.practice.demo.LoginUiTesting" tests="2" failures="0" timestamp="27 Mar 2020 15:52:39 GMT" time="23.086" errors="0">
  <testcase name="Myaccount" time="17.125" classname="com.practice.demo.LoginUiTesting"/>
  <testcase name="testcases" time="5.961" classname="com.practice.demo.LoginUiTesting"/>
</testsuite> <!-- com.practice.demo.LoginUiTesting -->
